14:50:29.986 [main] INFO  stepDefinitions.HomePageSteps - org.openqa.selenium.JavascriptException: javascript error: $ is not a function
  (Session info: chrome=109.0.5414.120)
Build info: version: '4.7.1', revision: 'c6795baf1a3'
System info: os.name: 'Windows 10', os.arch: 'amd64', os.version: '10.0', java.version: '17.0.5'
Driver info: org.openqa.selenium.chrome.ChromeDriver
Command: [d54b5079435cd47b67d2e34bbed89990, executeScript {script=function Coords(el) {
    this.left = parseInt(el.offset().left);
    this.top = parseInt(el.offset().top);
    this.right = parseInt(this.left + el.outerWidth());
    this.bottom = parseInt(this.top + el.outerHeight());
}

Coords.prototype.toString = function () {
    var x = Math.max(this.left, 0);
    var y = Math.max(this.top, 0);
    return JSON.stringify({
        x:x,
        y:y,
        width:this.right - x,
        height:this.bottom - y
    });
};

return [(new Coords($(arguments[0]))).toString()];
, args=[{ELEMENT=16550ce2-f99d-4046-a545-5999ce8d81bf, element-6066-11e4-a52e-4f735466cecf=16550ce2-f99d-4046-a545-5999ce8d81bf}]}]
Capabilities {acceptInsecureCerts: false, browserName: chrome, browserVersion: 109.0.5414.120, chrome: {chromedriverVersion: 109.0.5414.74 (e7c5703604da..., userDataDir: C:\Users\PRIYAN~1.SHA\AppDa...}, goog:chromeOptions: {debuggerAddress: localhost:58516}, networkConnectionEnabled: false, pageLoadStrategy: normal, platformName: WINDOWS, proxy: Proxy(), se:cdp: ws://localhost:58516/devtoo..., se:cdpVersion: 109.0.5414.120, setWindowRect: true, strictFileInteractability: false, timeouts: {implicit: 0, pageLoad: 300000, script: 30000}, unhandledPromptBehavior: dismiss and notify, webauthn:extension:credBlob: true, webauthn:extension:largeBlob: true, webauthn:virtualAuthenticators: true}
Session ID: d54b5079435cd47b67d2e34bbed89990
14:57:13.474 [main] INFO  stepDefinitions.HomePageSteps - org.openqa.selenium.JavascriptException: javascript error: $ is not a function
  (Session info: chrome=109.0.5414.120)
Build info: version: '4.7.1', revision: 'c6795baf1a3'
System info: os.name: 'Windows 10', os.arch: 'amd64', os.version: '10.0', java.version: '17.0.5'
Driver info: org.openqa.selenium.chrome.ChromeDriver
Command: [b883c73b34a4b829f948cddd4dee8b8d, executeScript {script=function Coords(el) {
    this.left = parseInt(el.offset().left);
    this.top = parseInt(el.offset().top);
    this.right = parseInt(this.left + el.outerWidth());
    this.bottom = parseInt(this.top + el.outerHeight());
}

Coords.prototype.toString = function () {
    var x = Math.max(this.left, 0);
    var y = Math.max(this.top, 0);
    return JSON.stringify({
        x:x,
        y:y,
        width:this.right - x,
        height:this.bottom - y
    });
};

return [(new Coords($(arguments[0]))).toString()];
, args=[{ELEMENT=ebc1284e-0f49-49c6-905b-6dd22b7f5601, element-6066-11e4-a52e-4f735466cecf=ebc1284e-0f49-49c6-905b-6dd22b7f5601}]}]
Capabilities {acceptInsecureCerts: false, browserName: chrome, browserVersion: 109.0.5414.120, chrome: {chromedriverVersion: 109.0.5414.74 (e7c5703604da..., userDataDir: C:\Users\PRIYAN~1.SHA\AppDa...}, goog:chromeOptions: {debuggerAddress: localhost:59057}, networkConnectionEnabled: false, pageLoadStrategy: normal, platformName: WINDOWS, proxy: Proxy(), se:cdp: ws://localhost:59057/devtoo..., se:cdpVersion: 109.0.5414.120, setWindowRect: true, strictFileInteractability: false, timeouts: {implicit: 0, pageLoad: 300000, script: 30000}, unhandledPromptBehavior: dismiss and notify, webauthn:extension:credBlob: true, webauthn:extension:largeBlob: true, webauthn:virtualAuthenticators: true}
Session ID: b883c73b34a4b829f948cddd4dee8b8d
15:01:06.738 [main] INFO  stepDefinitions.HomePageSteps - org.openqa.selenium.JavascriptException: javascript error: $ is not a function
  (Session info: chrome=109.0.5414.120)
Build info: version: '4.7.1', revision: 'c6795baf1a3'
System info: os.name: 'Windows 10', os.arch: 'amd64', os.version: '10.0', java.version: '17.0.5'
Driver info: org.openqa.selenium.chrome.ChromeDriver
Command: [6e3f519da60b049038ca7b13f744d6bd, executeScript {script=function Coords(el) {
    this.left = parseInt(el.offset().left);
    this.top = parseInt(el.offset().top);
    this.right = parseInt(this.left + el.outerWidth());
    this.bottom = parseInt(this.top + el.outerHeight());
}

Coords.prototype.toString = function () {
    var x = Math.max(this.left, 0);
    var y = Math.max(this.top, 0);
    return JSON.stringify({
        x:x,
        y:y,
        width:this.right - x,
        height:this.bottom - y
    });
};

return [(new Coords($(arguments[0]))).toString()];
, args=[{ELEMENT=ddd2d910-fb5b-406a-b34b-4e0be6b51e33, element-6066-11e4-a52e-4f735466cecf=ddd2d910-fb5b-406a-b34b-4e0be6b51e33}]}]
Capabilities {acceptInsecureCerts: false, browserName: chrome, browserVersion: 109.0.5414.120, chrome: {chromedriverVersion: 109.0.5414.74 (e7c5703604da..., userDataDir: C:\Users\PRIYAN~1.SHA\AppDa...}, goog:chromeOptions: {debuggerAddress: localhost:59352}, networkConnectionEnabled: false, pageLoadStrategy: normal, platformName: WINDOWS, proxy: Proxy(), se:cdp: ws://localhost:59352/devtoo..., se:cdpVersion: 109.0.5414.120, setWindowRect: true, strictFileInteractability: false, timeouts: {implicit: 0, pageLoad: 300000, script: 30000}, unhandledPromptBehavior: dismiss and notify, webauthn:extension:credBlob: true, webauthn:extension:largeBlob: true, webauthn:virtualAuthenticators: true}
Session ID: 6e3f519da60b049038ca7b13f744d6bd
15:16:13.344 [main] INFO  stepDefinitions.HomePageSteps - org.openqa.selenium.JavascriptException: javascript error: $ is not a function
  (Session info: chrome=109.0.5414.120)
Build info: version: '4.7.1', revision: 'c6795baf1a3'
System info: os.name: 'Windows 10', os.arch: 'amd64', os.version: '10.0', java.version: '17.0.5'
Driver info: org.openqa.selenium.chrome.ChromeDriver
Command: [4297ff732052046eda7bc2bdc60b20f9, executeScript {script=function Coords(el) {
    this.left = parseInt(el.offset().left);
    this.top = parseInt(el.offset().top);
    this.right = parseInt(this.left + el.outerWidth());
    this.bottom = parseInt(this.top + el.outerHeight());
}

Coords.prototype.toString = function () {
    var x = Math.max(this.left, 0);
    var y = Math.max(this.top, 0);
    return JSON.stringify({
        x:x,
        y:y,
        width:this.right - x,
        height:this.bottom - y
    });
};

return [(new Coords($(arguments[0]))).toString()];
, args=[{ELEMENT=54d57d8b-75d7-4cb1-bb2a-1524444bb0c0, element-6066-11e4-a52e-4f735466cecf=54d57d8b-75d7-4cb1-bb2a-1524444bb0c0}]}]
Capabilities {acceptInsecureCerts: false, browserName: chrome, browserVersion: 109.0.5414.120, chrome: {chromedriverVersion: 109.0.5414.74 (e7c5703604da..., userDataDir: C:\Users\PRIYAN~1.SHA\AppDa...}, goog:chromeOptions: {debuggerAddress: localhost:60875}, networkConnectionEnabled: false, pageLoadStrategy: normal, platformName: WINDOWS, proxy: Proxy(), se:cdp: ws://localhost:60875/devtoo..., se:cdpVersion: 109.0.5414.120, setWindowRect: true, strictFileInteractability: false, timeouts: {implicit: 0, pageLoad: 300000, script: 30000}, unhandledPromptBehavior: dismiss and notify, webauthn:extension:credBlob: true, webauthn:extension:largeBlob: true, webauthn:virtualAuthenticators: true}
Session ID: 4297ff732052046eda7bc2bdc60b20f9
15:31:26.731 [main] INFO  stepDefinitions.HomePageSteps - org.openqa.selenium.JavascriptException: javascript error: $ is not a function
  (Session info: chrome=109.0.5414.120)
Build info: version: '4.7.1', revision: 'c6795baf1a3'
System info: os.name: 'Windows 10', os.arch: 'amd64', os.version: '10.0', java.version: '17.0.5'
Driver info: org.openqa.selenium.chrome.ChromeDriver
Command: [f38e25dd02ad433d7486cefc1b9579fc, executeScript {script=function Coords(el) {
    this.left = parseInt(el.offset().left);
    this.top = parseInt(el.offset().top);
    this.right = parseInt(this.left + el.outerWidth());
    this.bottom = parseInt(this.top + el.outerHeight());
}

Coords.prototype.toString = function () {
    var x = Math.max(this.left, 0);
    var y = Math.max(this.top, 0);
    return JSON.stringify({
        x:x,
        y:y,
        width:this.right - x,
        height:this.bottom - y
    });
};

return [(new Coords($(arguments[0]))).toString()];
, args=[{ELEMENT=085184e2-426b-4e9e-b210-cf5d079b3a44, element-6066-11e4-a52e-4f735466cecf=085184e2-426b-4e9e-b210-cf5d079b3a44}]}]
Capabilities {acceptInsecureCerts: false, browserName: chrome, browserVersion: 109.0.5414.120, chrome: {chromedriverVersion: 109.0.5414.74 (e7c5703604da..., userDataDir: C:\Users\PRIYAN~1.SHA\AppDa...}, goog:chromeOptions: {debuggerAddress: localhost:62419}, networkConnectionEnabled: false, pageLoadStrategy: normal, platformName: WINDOWS, proxy: Proxy(), se:cdp: ws://localhost:62419/devtoo..., se:cdpVersion: 109.0.5414.120, setWindowRect: true, strictFileInteractability: false, timeouts: {implicit: 0, pageLoad: 300000, script: 30000}, unhandledPromptBehavior: dismiss and notify, webauthn:extension:credBlob: true, webauthn:extension:largeBlob: true, webauthn:virtualAuthenticators: true}
Session ID: f38e25dd02ad433d7486cefc1b9579fc
22:18:29.439 [main] INFO  stepDefinitions.HomePageSteps - org.openqa.selenium.JavascriptException: javascript error: $ is not a function
  (Session info: chrome=109.0.5414.120)
Build info: version: '4.7.1', revision: 'c6795baf1a3'
System info: os.name: 'Windows 10', os.arch: 'amd64', os.version: '10.0', java.version: '17.0.5'
Driver info: org.openqa.selenium.chrome.ChromeDriver
Command: [b16a508457778dcab1f51f7e16708188, executeScript {script=function Coords(el) {
    this.left = parseInt(el.offset().left);
    this.top = parseInt(el.offset().top);
    this.right = parseInt(this.left + el.outerWidth());
    this.bottom = parseInt(this.top + el.outerHeight());
}

Coords.prototype.toString = function () {
    var x = Math.max(this.left, 0);
    var y = Math.max(this.top, 0);
    return JSON.stringify({
        x:x,
        y:y,
        width:this.right - x,
        height:this.bottom - y
    });
};

return [(new Coords($(arguments[0]))).toString()];
, args=[{ELEMENT=552bc3d2-9eb7-4607-a8d2-8ea06de9472e, element-6066-11e4-a52e-4f735466cecf=552bc3d2-9eb7-4607-a8d2-8ea06de9472e}]}]
Capabilities {acceptInsecureCerts: false, browserName: chrome, browserVersion: 109.0.5414.120, chrome: {chromedriverVersion: 109.0.5414.74 (e7c5703604da..., userDataDir: C:\Users\PRIYAN~1.SHA\AppDa...}, goog:chromeOptions: {debuggerAddress: localhost:63347}, networkConnectionEnabled: false, pageLoadStrategy: normal, platformName: WINDOWS, proxy: Proxy(), se:cdp: ws://localhost:63347/devtoo..., se:cdpVersion: 109.0.5414.120, setWindowRect: true, strictFileInteractability: false, timeouts: {implicit: 0, pageLoad: 300000, script: 30000}, unhandledPromptBehavior: dismiss and notify, webauthn:extension:credBlob: true, webauthn:extension:largeBlob: true, webauthn:virtualAuthenticators: true}
Session ID: b16a508457778dcab1f51f7e16708188
22:46:58.656 [main] INFO  stepDefinitions.HomePageSteps - Cannot invoke "String.isEmpty()" because "email" is null
22:51:37.943 [main] INFO  stepDefinitions.HomePageSteps - Cannot invoke "String.contentEquals(StringBuffer)" because "email" is null
23:20:50.649 [main] INFO  stepDefinitions.HomePageSteps - no such element: Unable to locate element: {"method":"css selector","selector":".box.box-newsletter"}
  (Session info: chrome=109.0.5414.120)
For documentation on this error, please visit: https://selenium.dev/exceptions/#no_such_element
Build info: version: '4.7.1', revision: 'c6795baf1a3'
System info: os.name: 'Windows 10', os.arch: 'amd64', os.version: '10.0', java.version: '17.0.5'
Driver info: org.openqa.selenium.chrome.ChromeDriver
Command: [363e29cc681e0a54fa47a89012e80105, findElement {using=css selector, value=.box.box-newsletter}]
Capabilities {acceptInsecureCerts: false, browserName: chrome, browserVersion: 109.0.5414.120, chrome: {chromedriverVersion: 109.0.5414.74 (e7c5703604da..., userDataDir: C:\Users\PRIYAN~1.SHA\AppDa...}, goog:chromeOptions: {debuggerAddress: localhost:50394}, networkConnectionEnabled: false, pageLoadStrategy: normal, platformName: WINDOWS, proxy: Proxy(), se:cdp: ws://localhost:50394/devtoo..., se:cdpVersion: 109.0.5414.120, setWindowRect: true, strictFileInteractability: false, timeouts: {implicit: 0, pageLoad: 300000, script: 30000}, unhandledPromptBehavior: dismiss and notify, webauthn:extension:credBlob: true, webauthn:extension:largeBlob: true, webauthn:virtualAuthenticators: true}
Session ID: 363e29cc681e0a54fa47a89012e80105
22:19:21.509 [main] INFO  stepDefinitions.HomePageSteps - Cannot invoke "Object.toString()" because the return value of "cucumber.ScenarioContext.getContext(enums.Context)" is null
22:36:51.505 [main] INFO  stepDefinitions.HomePageSteps - Cannot invoke "Object.toString()" because the return value of "cucumber.ScenarioContext.getContext(enums.Context)" is null
23:17:41.561 [main] INFO  stepDefinitions.HomePageSteps - no such element: Unable to locate element: {"method":"link text","selector":"My Orders"}
  (Session info: chrome=109.0.5414.120)
For documentation on this error, please visit: https://selenium.dev/exceptions/#no_such_element
Build info: version: '4.7.1', revision: 'c6795baf1a3'
System info: os.name: 'Windows 10', os.arch: 'amd64', os.version: '10.0', java.version: '17.0.5'
Driver info: org.openqa.selenium.chrome.ChromeDriver
Command: [bef794545989fe5cbca2e23566d6f4e3, findElement {using=link text, value=My Orders}]
Capabilities {acceptInsecureCerts: false, browserName: chrome, browserVersion: 109.0.5414.120, chrome: {chromedriverVersion: 109.0.5414.74 (e7c5703604da..., userDataDir: C:\Users\PRIYAN~1.SHA\AppDa...}, goog:chromeOptions: {debuggerAddress: localhost:55519}, networkConnectionEnabled: false, pageLoadStrategy: normal, platformName: WINDOWS, proxy: Proxy(), se:cdp: ws://localhost:55519/devtoo..., se:cdpVersion: 109.0.5414.120, setWindowRect: true, strictFileInteractability: false, timeouts: {implicit: 0, pageLoad: 300000, script: 30000}, unhandledPromptBehavior: dismiss and notify, webauthn:extension:credBlob: true, webauthn:extension:largeBlob: true, webauthn:virtualAuthenticators: true}
Session ID: bef794545989fe5cbca2e23566d6f4e3
23:59:07.052 [main] INFO  stepDefinitions.HomePageSteps - java.lang.reflect.InvocationTargetException
Build info: version: '4.7.1', revision: 'c6795baf1a3'
System info: os.name: 'Windows 10', os.arch: 'amd64', os.version: '10.0', java.version: '17.0.5'
Driver info: org.openqa.selenium.chrome.ChromeDriver
Command: [8dab76f591799bc969a35c88b5242d87, actions {actions=[org.openqa.selenium.interactions.Sequence@256589a1]}]
Capabilities {acceptInsecureCerts: false, browserName: chrome, browserVersion: 109.0.5414.120, chrome: {chromedriverVersion: 109.0.5414.74 (e7c5703604da..., userDataDir: C:\Users\PRIYAN~1.SHA\AppDa...}, goog:chromeOptions: {debuggerAddress: localhost:51956}, networkConnectionEnabled: false, pageLoadStrategy: normal, platformName: WINDOWS, proxy: Proxy(), se:cdp: ws://localhost:51956/devtoo..., se:cdpVersion: 109.0.5414.120, setWindowRect: true, strictFileInteractability: false, timeouts: {implicit: 0, pageLoad: 300000, script: 30000}, unhandledPromptBehavior: dismiss and notify, webauthn:extension:credBlob: true, webauthn:extension:largeBlob: true, webauthn:virtualAuthenticators: true}
Session ID: 8dab76f591799bc969a35c88b5242d87
22:52:39.948 [main] INFO  stepDefinitions.HomePageSteps - no such element: Unable to locate element: {"method":"tag name","selector":"strong"}
  (Session info: chrome=109.0.5414.120)
For documentation on this error, please visit: https://selenium.dev/exceptions/#no_such_element
Build info: version: '4.7.1', revision: 'c6795baf1a3'
System info: os.name: 'Windows 10', os.arch: 'amd64', os.version: '10.0', java.version: '17.0.5'
Driver info: org.openqa.selenium.chrome.ChromeDriver
Command: [ea24c199c32aaf1141d005936c4bb4de, findChildElement {id=12377e32-7807-4a21-8830-9ca115d25f16, using=tag name, value=strong}]
Capabilities {acceptInsecureCerts: false, browserName: chrome, browserVersion: 109.0.5414.120, chrome: {chromedriverVersion: 109.0.5414.74 (e7c5703604da..., userDataDir: C:\Users\PRIYAN~1.SHA\AppDa...}, goog:chromeOptions: {debuggerAddress: localhost:63301}, networkConnectionEnabled: false, pageLoadStrategy: normal, platformName: WINDOWS, proxy: Proxy(), se:cdp: ws://localhost:63301/devtoo..., se:cdpVersion: 109.0.5414.120, setWindowRect: true, strictFileInteractability: false, timeouts: {implicit: 0, pageLoad: 300000, script: 30000}, unhandledPromptBehavior: dismiss and notify, webauthn:extension:credBlob: true, webauthn:extension:largeBlob: true, webauthn:virtualAuthenticators: true}
Session ID: ea24c199c32aaf1141d005936c4bb4de
23:06:58.744 [main] INFO  stepDefinitions.HomePageSteps - Index 1 out of bounds for length 1
23:11:28.151 [main] INFO  stepDefinitions.HomePageSteps - Index 1 out of bounds for length 1
23:16:50.972 [main] INFO  stepDefinitions.HomePageSteps - Index 1 out of bounds for length 1
23:23:29.132 [main] INFO  stepDefinitions.HomePageSteps - Index 1 out of bounds for length 1
23:28:00.969 [main] INFO  stepDefinitions.HomePageSteps - Index 1 out of bounds for length 1
23:31:56.561 [main] INFO  stepDefinitions.HomePageSteps - Index 1 out of bounds for length 1
23:34:24.171 [main] INFO  stepDefinitions.HomePageSteps - no such element: Unable to locate element: {"method":"tag name","selector":"strong"}
  (Session info: chrome=109.0.5414.120)
For documentation on this error, please visit: https://selenium.dev/exceptions/#no_such_element
Build info: version: '4.7.1', revision: 'c6795baf1a3'
System info: os.name: 'Windows 10', os.arch: 'amd64', os.version: '10.0', java.version: '17.0.5'
Driver info: org.openqa.selenium.chrome.ChromeDriver
Command: [30d25cc1162090245705dea29f0ce66e, findChildElement {id=9aad0d50-33ef-4a5c-81ca-64b5049cc701, using=tag name, value=strong}]
Capabilities {acceptInsecureCerts: false, browserName: chrome, browserVersion: 109.0.5414.120, chrome: {chromedriverVersion: 109.0.5414.74 (e7c5703604da..., userDataDir: C:\Users\PRIYAN~1.SHA\AppDa...}, goog:chromeOptions: {debuggerAddress: localhost:65350}, networkConnectionEnabled: false, pageLoadStrategy: normal, platformName: WINDOWS, proxy: Proxy(), se:cdp: ws://localhost:65350/devtoo..., se:cdpVersion: 109.0.5414.120, setWindowRect: true, strictFileInteractability: false, timeouts: {implicit: 0, pageLoad: 300000, script: 30000}, unhandledPromptBehavior: dismiss and notify, webauthn:extension:credBlob: true, webauthn:extension:largeBlob: true, webauthn:virtualAuthenticators: true}
Session ID: 30d25cc1162090245705dea29f0ce66e
23:39:42.903 [main] INFO  stepDefinitions.HomePageSteps - no such element: Unable to locate element: {"method":"tag name","selector":"strong"}
  (Session info: chrome=109.0.5414.120)
For documentation on this error, please visit: https://selenium.dev/exceptions/#no_such_element
Build info: version: '4.7.1', revision: 'c6795baf1a3'
System info: os.name: 'Windows 10', os.arch: 'amd64', os.version: '10.0', java.version: '17.0.5'
Driver info: org.openqa.selenium.chrome.ChromeDriver
Command: [89ef25fdb428ee4500ac8d24f90aa154, findChildElement {id=8f000bc7-f6cc-4752-a59c-d943c8ad4cff, using=tag name, value=strong}]
Capabilities {acceptInsecureCerts: false, browserName: chrome, browserVersion: 109.0.5414.120, chrome: {chromedriverVersion: 109.0.5414.74 (e7c5703604da..., userDataDir: C:\Users\PRIYAN~1.SHA\AppDa...}, goog:chromeOptions: {debuggerAddress: localhost:49236}, networkConnectionEnabled: false, pageLoadStrategy: normal, platformName: WINDOWS, proxy: Proxy(), se:cdp: ws://localhost:49236/devtoo..., se:cdpVersion: 109.0.5414.120, setWindowRect: true, strictFileInteractability: false, timeouts: {implicit: 0, pageLoad: 300000, script: 30000}, unhandledPromptBehavior: dismiss and notify, webauthn:extension:credBlob: true, webauthn:extension:largeBlob: true, webauthn:virtualAuthenticators: true}
Session ID: 89ef25fdb428ee4500ac8d24f90aa154
00:23:40.551 [main] INFO  stepDefinitions.HomePageSteps - element click intercepted: Element <button data-role="opc-continue" type="submit" class="button action continue primary">...</button> is not clickable at point (812, 452). Other element would receive the click: <div id="checkout-loader" data-role="checkout-loader" class="loading-mask">...</div>
  (Session info: chrome=109.0.5414.120)
Build info: version: '4.7.1', revision: 'c6795baf1a3'
System info: os.name: 'Windows 10', os.arch: 'amd64', os.version: '10.0', java.version: '17.0.5'
Driver info: org.openqa.selenium.chrome.ChromeDriver
Command: [eafb25c7a220713c985d6651e5e232ed, clickElement {id=adf1317b-e0f8-4946-a03f-9f36d370f4ad}]
Capabilities {acceptInsecureCerts: false, browserName: chrome, browserVersion: 109.0.5414.120, chrome: {chromedriverVersion: 109.0.5414.74 (e7c5703604da..., userDataDir: C:\Users\PRIYAN~1.SHA\AppDa...}, goog:chromeOptions: {debuggerAddress: localhost:49242}, networkConnectionEnabled: false, pageLoadStrategy: normal, platformName: WINDOWS, proxy: Proxy(), se:cdp: ws://localhost:49242/devtoo..., se:cdpVersion: 109.0.5414.120, setWindowRect: true, strictFileInteractability: false, timeouts: {implicit: 0, pageLoad: 300000, script: 30000}, unhandledPromptBehavior: dismiss and notify, webauthn:extension:credBlob: true, webauthn:extension:largeBlob: true, webauthn:virtualAuthenticators: true}
Element: [[ChromeDriver: chrome on WINDOWS (eafb25c7a220713c985d6651e5e232ed)] -> css selector: .button.action.continue.primary]
Session ID: eafb25c7a220713c985d6651e5e232ed
00:28:23.269 [main] INFO  stepDefinitions.HomePageSteps - element click intercepted: Element <button data-role="opc-continue" type="submit" class="button action continue primary">...</button> is not clickable at point (812, 452). Other element would receive the click: <div class="shipping-address-items">...</div>
  (Session info: chrome=109.0.5414.120)
Build info: version: '4.7.1', revision: 'c6795baf1a3'
System info: os.name: 'Windows 10', os.arch: 'amd64', os.version: '10.0', java.version: '17.0.5'
Driver info: org.openqa.selenium.chrome.ChromeDriver
Command: [d4577c07763bebe8b24357ffbeea4788, clickElement {id=22fe723d-7386-4537-8967-91e5878168ba}]
Capabilities {acceptInsecureCerts: false, browserName: chrome, browserVersion: 109.0.5414.120, chrome: {chromedriverVersion: 109.0.5414.74 (e7c5703604da..., userDataDir: C:\Users\PRIYAN~1.SHA\AppDa...}, goog:chromeOptions: {debuggerAddress: localhost:49529}, networkConnectionEnabled: false, pageLoadStrategy: normal, platformName: WINDOWS, proxy: Proxy(), se:cdp: ws://localhost:49529/devtoo..., se:cdpVersion: 109.0.5414.120, setWindowRect: true, strictFileInteractability: false, timeouts: {implicit: 0, pageLoad: 300000, script: 30000}, unhandledPromptBehavior: dismiss and notify, webauthn:extension:credBlob: true, webauthn:extension:largeBlob: true, webauthn:virtualAuthenticators: true}
Element: [[ChromeDriver: chrome on WINDOWS (d4577c07763bebe8b24357ffbeea4788)] -> css selector: .button.action.continue.primary]
Session ID: d4577c07763bebe8b24357ffbeea4788
13:37:39.126 [main] INFO  stepDefinitions.HomePageSteps - invalid selector: Unable to locate an element with the xpath expression //table[@id='my-orders-table']//tbody//tr[" + i + "]" because of the following error:
SyntaxError: Failed to execute 'evaluate' on 'Document': The string '//table[@id='my-orders-table']//tbody//tr[" + i + "]"' is not a valid XPath expression.
  (Session info: chrome=109.0.5414.120)
For documentation on this error, please visit: https://selenium.dev/exceptions/#invalid_selector_exception
Build info: version: '4.7.1', revision: 'c6795baf1a3'
System info: os.name: 'Windows 10', os.arch: 'amd64', os.version: '10.0', java.version: '17.0.5'
Driver info: org.openqa.selenium.chrome.ChromeDriver
Command: [2f4a2e6530f8e9792d7a428483cb9439, findElement {using=xpath, value=//table[@id='my-orders-table']//tbody//tr[" + i + "]"}]
Capabilities {acceptInsecureCerts: false, browserName: chrome, browserVersion: 109.0.5414.120, chrome: {chromedriverVersion: 109.0.5414.74 (e7c5703604da..., userDataDir: C:\Users\PRIYAN~1.SHA\AppDa...}, goog:chromeOptions: {debuggerAddress: localhost:63615}, networkConnectionEnabled: false, pageLoadStrategy: normal, platformName: WINDOWS, proxy: Proxy(), se:cdp: ws://localhost:63615/devtoo..., se:cdpVersion: 109.0.5414.120, setWindowRect: true, strictFileInteractability: false, timeouts: {implicit: 0, pageLoad: 300000, script: 30000}, unhandledPromptBehavior: dismiss and notify, webauthn:extension:credBlob: true, webauthn:extension:largeBlob: true, webauthn:virtualAuthenticators: true}
Session ID: 2f4a2e6530f8e9792d7a428483cb9439
